[Thu, 12 Sep 2019 12:54:54 -0300 - ::1 - GUEST - ApiController::parse {"url":"user\/login"} {"username":"admin","password":"livecliker"}]
[Thu, 12 Sep 2019 12:54:54 -0300 - ::1 - GUEST - Login attempt: admin:91d211047d2dc201c10b199e2ff36fff42cd4e0143b7f1c9f629f01933a83011]
[Thu, 12 Sep 2019 12:54:54 -0300 - ::1 - GUEST - LOGIN FAILED]
[Thu, 12 Sep 2019 12:57:57 -0300 - ::1 - GUEST - ApiController::parse {"url":"css\/bootstrap.min.css.map"} ]
[Thu, 12 Sep 2019 12:58:01 -0300 - ::1 - GUEST - ApiController::parse {"url":"user\/login"} {"username":"admin","password":"livecliker"}]
[Thu, 12 Sep 2019 12:58:01 -0300 - ::1 - GUEST - Login attempt: admin:91d211047d2dc201c10b199e2ff36fff42cd4e0143b7f1c9f629f01933a83011]
[Thu, 12 Sep 2019 12:58:01 -0300 - ::1 - GUEST - LOGIN SUCCESSFULL]
[Thu, 12 Sep 2019 12:58:01 -0300 - ::1 - GUEST - ApiController::parse {"url":"css\/bootstrap.min.css.map"} ]
[Thu, 12 Sep 2019 12:58:01 -0300 - ::1 - GUEST - ApiController::parse {"url":"user\/get"} ]
[Thu, 12 Sep 2019 12:58:24 -0300 - ::1 - GUEST - ApiController::parse {"url":"user\/update"} {"firstname":"Christian","lastname":"El loqiuto","imageOptions":{"color":"#00ff40","size":"5","vposition":"middle","hposition":"center"}}]
[Thu, 12 Sep 2019 12:59:04 -0300 - ::1 - GUEST - ApiController::parse {"url":"user\/update"} {"firstname":"Christian","lastname":"El loqiuto","imageOptions":{"color":"#00ff40","size":"5","vposition":"middle","hposition":"center"}}]
[Thu, 12 Sep 2019 12:59:10 -0300 - ::1 - GUEST - ApiController::parse {"url":"user\/update"} {"firstname":"Christian","lastname":"El loqiuto","imageOptions":{"color":"#ff0080","size":"5","vposition":"middle","hposition":"center"}}]
[Thu, 12 Sep 2019 12:59:23 -0300 - ::1 - GUEST - ApiController::parse {"url":"user\/update"} {"firstname":"Christian","lastname":"Maidana","imageOptions":{"color":"#ff0080","size":"5","vposition":"middle","hposition":"center"}}]
[Thu, 12 Sep 2019 13:05:30 -0300 - ::1 - GUEST - ApiController::parse {"url":"user\/get"} ]
[Thu, 12 Sep 2019 13:05:30 -0300 - ::1 - GUEST - ApiController::parse {"url":"css\/bootstrap.min.css.map"} ]
[Thu, 12 Sep 2019 13:06:01 -0300 - ::1 - GUEST - ApiController::parse {"url":"user\/update"} {"firstname":"Christian","lastname":"Maidana","imageOptions":{"color":"#ff0080","size":"5","vposition":"bottom","hposition":"center"}}]
[Thu, 12 Sep 2019 13:07:59 -0300 - ::1 - GUEST - ApiController::parse {"url":"css\/bootstrap.min.css.map"} ]
[Thu, 12 Sep 2019 13:07:59 -0300 - ::1 - GUEST - ApiController::parse {"url":"user\/get"} ]
[Thu, 12 Sep 2019 13:08:09 -0300 - ::1 - GUEST - ApiController::parse {"url":"css\/bootstrap.min.css.map"} ]
[Thu, 12 Sep 2019 13:08:09 -0300 - ::1 - GUEST - ApiController::parse {"url":"user\/get"} ]
[Thu, 12 Sep 2019 13:08:33 -0300 - ::1 - GUEST - ApiController::parse {"url":"css\/bootstrap.min.css.map"} ]
[Thu, 12 Sep 2019 13:08:33 -0300 - ::1 - GUEST - ApiController::parse {"url":"user\/get"} ]
[Thu, 12 Sep 2019 13:08:37 -0300 - ::1 - GUEST - ApiController::parse {"url":"user\/update"} {"firstname":"Christian","lastname":"Maidana","imageOptions":{"color":"#ff0080","size":"5","vposition":"middle","hposition":"center"}}]
[Thu, 12 Sep 2019 13:08:39 -0300 - ::1 - GUEST - ApiController::parse {"url":"user\/update"} {"firstname":"Christian","lastname":"Maidana","imageOptions":{"color":"#ff0080","size":"5","vposition":"middle","hposition":"right"}}]
[Thu, 12 Sep 2019 13:16:24 -0300 - ::1 - GUEST - ApiController::parse {"url":"user\/get"} ]
[Thu, 12 Sep 2019 13:16:24 -0300 - ::1 - GUEST - ApiController::parse {"url":"css\/bootstrap.min.css.map"} ]
[Thu, 12 Sep 2019 13:18:18 -0300 - ::1 - GUEST - ApiController::parse {"url":"user\/update"} {"firstname":"Christian","lastname":"Maidana","imageOptions":{"color":"#0000ff","size":"5","vposition":"middle","hposition":"left"}}]
[Thu, 12 Sep 2019 13:18:21 -0300 - ::1 - GUEST - ApiController::parse {"url":"user\/update"} {"firstname":"Christian","lastname":"Maidana","imageOptions":{"color":"#0000ff","size":"5","vposition":"bottom","hposition":"right"}}]
[Thu, 12 Sep 2019 13:24:39 -0300 - ::1 - GUEST - ApiController::parse {"url":"user\/get"} ]
[Thu, 12 Sep 2019 13:24:39 -0300 - ::1 - GUEST - ApiController::parse {"url":"css\/bootstrap.min.css.map"} ]
[Thu, 12 Sep 2019 13:25:31 -0300 - ::1 - GUEST - ApiController::parse {"url":"user\/update"} {"firstname":"Christian","lastname":"Maidana","imageOptions":{"color":"#0000ff","size":"1","vposition":"bottom","hposition":"right"}}]
[Thu, 12 Sep 2019 13:25:41 -0300 - ::1 - GUEST - ApiController::parse {"url":"user\/update"} {"firstname":"Christian","lastname":"Maidana","imageOptions":{"color":"#0000ff","size":"1","vposition":"bottom","hposition":"right"}}]
[Thu, 12 Sep 2019 13:25:45 -0300 - ::1 - GUEST - ApiController::parse {"url":"user\/update"} {"firstname":"Christian","lastname":"Maidana","imageOptions":{"color":"#0000ff","size":"2","vposition":"bottom","hposition":"right"}}]
[Thu, 12 Sep 2019 13:25:48 -0300 - ::1 - GUEST - ApiController::parse {"url":"user\/update"} {"firstname":"Christian","lastname":"Maidana","imageOptions":{"color":"#0000ff","size":"3","vposition":"bottom","hposition":"right"}}]
[Thu, 12 Sep 2019 13:25:51 -0300 - ::1 - GUEST - ApiController::parse {"url":"user\/update"} {"firstname":"Christian","lastname":"Maidana","imageOptions":{"color":"#0000ff","size":"4","vposition":"bottom","hposition":"right"}}]
[Thu, 12 Sep 2019 13:25:53 -0300 - ::1 - GUEST - ApiController::parse {"url":"user\/update"} {"firstname":"Christian","lastname":"Maidana","imageOptions":{"color":"#0000ff","size":"5","vposition":"bottom","hposition":"right"}}]
[Thu, 12 Sep 2019 13:26:06 -0300 - ::1 - GUEST - ApiController::parse {"url":"css\/bootstrap.min.css.map"} ]
[Thu, 12 Sep 2019 13:26:06 -0300 - ::1 - GUEST - ApiController::parse {"url":"user\/get"} ]
[Thu, 12 Sep 2019 13:26:18 -0300 - ::1 - GUEST - ApiController::parse {"url":"css\/bootstrap.min.css.map"} ]
[Thu, 12 Sep 2019 13:26:18 -0300 - ::1 - GUEST - ApiController::parse {"url":"user\/get"} ]
[Thu, 12 Sep 2019 13:26:20 -0300 - ::1 - GUEST - ApiController::parse {"url":"user\/update"} {"firstname":"Christian","lastname":"Maidana","imageOptions":{"color":"#0000ff","size":"1","vposition":"bottom","hposition":"right"}}]
[Thu, 12 Sep 2019 13:26:24 -0300 - ::1 - GUEST - ApiController::parse {"url":"user\/update"} {"firstname":"Christian","lastname":"Maidana","imageOptions":{"color":"#0000ff","size":"5","vposition":"bottom","hposition":"right"}}]
[Thu, 12 Sep 2019 13:26:26 -0300 - ::1 - GUEST - ApiController::parse {"url":"user\/update"} {"firstname":"Christian","lastname":"Maidana","imageOptions":{"color":"#0000ff","size":"5","vposition":"top","hposition":"right"}}]
[Thu, 12 Sep 2019 13:26:28 -0300 - ::1 - GUEST - ApiController::parse {"url":"user\/update"} {"firstname":"Christian","lastname":"Maidana","imageOptions":{"color":"#0000ff","size":"5","vposition":"bottom","hposition":"right"}}]
[Thu, 12 Sep 2019 13:26:34 -0300 - ::1 - GUEST - ApiController::parse {"url":"user\/update"} {"firstname":"Christian","lastname":"Maidana","imageOptions":{"color":"#dc237b","size":"5","vposition":"bottom","hposition":"right"}}]
[Thu, 12 Sep 2019 13:29:20 -0300 - ::1 - GUEST - ApiController::parse {"url":"user\/get"} ]
[Thu, 12 Sep 2019 13:29:21 -0300 - ::1 - GUEST - ApiController::parse {"url":"user\/logout"} ]
[Thu, 12 Sep 2019 13:29:21 -0300 - ::1 - admin - User::logout]
[Thu, 12 Sep 2019 13:29:25 -0300 - ::1 - GUEST - ApiController::parse {"url":"user\/login"} {"username":"admin","password":"sdfd"}]
[Thu, 12 Sep 2019 13:29:25 -0300 - ::1 - GUEST - Login attempt: admin:0467d0c0673bb7e15c208b0bde1e118d1bbefdfc302bcd739438b29dd5566219]
[Thu, 12 Sep 2019 13:29:25 -0300 - ::1 - GUEST - LOGIN FAILED]
[Thu, 12 Sep 2019 13:29:30 -0300 - ::1 - GUEST - ApiController::parse {"url":"user\/login"} {"username":"admin","password":"livecliker"}]
[Thu, 12 Sep 2019 13:29:30 -0300 - ::1 - GUEST - Login attempt: admin:91d211047d2dc201c10b199e2ff36fff42cd4e0143b7f1c9f629f01933a83011]
[Thu, 12 Sep 2019 13:29:30 -0300 - ::1 - GUEST - LOGIN SUCCESSFULL]
[Thu, 12 Sep 2019 13:29:30 -0300 - ::1 - GUEST - ApiController::parse {"url":"user\/get"} ]
[Thu, 12 Sep 2019 13:30:09 -0300 - ::1 - GUEST - ApiController::parse {"url":"user\/logout"} ]
[Thu, 12 Sep 2019 13:30:09 -0300 - ::1 - admin - User::logout]
[Thu, 12 Sep 2019 13:30:10 -0300 - ::1 - GUEST - ApiController::parse {"url":"css\/bootstrap.min.css.map"} ]
[Thu, 12 Sep 2019 13:30:16 -0300 - ::1 - GUEST - ApiController::parse {"url":"css\/bootstrap.min.css.map"} ]
[Thu, 12 Sep 2019 13:30:43 -0300 - ::1 - GUEST - ApiController::parse {"url":"css\/bootstrap.min.css.map"} ]
[Thu, 12 Sep 2019 13:30:45 -0300 - ::1 - GUEST - ApiController::parse {"url":"user\/login"} {"username":"admin","password":"admincrm"}]
[Thu, 12 Sep 2019 13:30:45 -0300 - ::1 - GUEST - Login attempt: admin:46746e5311b6fa4261a2b8af821e8af6e6436290c68fe9e79deceab347b3f7fe]
[Thu, 12 Sep 2019 13:30:45 -0300 - ::1 - GUEST - LOGIN FAILED]
[Thu, 12 Sep 2019 13:30:49 -0300 - ::1 - GUEST - ApiController::parse {"url":"user\/login"} {"username":"admin","password":"livecliker"}]
[Thu, 12 Sep 2019 13:30:49 -0300 - ::1 - GUEST - Login attempt: admin:91d211047d2dc201c10b199e2ff36fff42cd4e0143b7f1c9f629f01933a83011]
[Thu, 12 Sep 2019 13:30:49 -0300 - ::1 - GUEST - LOGIN SUCCESSFULL]
[Thu, 12 Sep 2019 13:30:49 -0300 - ::1 - GUEST - ApiController::parse {"url":"css\/bootstrap.min.css.map"} ]
[Thu, 12 Sep 2019 13:30:49 -0300 - ::1 - GUEST - ApiController::parse {"url":"user\/get"} ]
[Thu, 12 Sep 2019 13:31:24 -0300 - ::1 - GUEST - ApiController::parse {"url":"user\/get"} ]
[Thu, 12 Sep 2019 13:31:28 -0300 - ::1 - GUEST - ApiController::parse {"url":"css\/bootstrap.min.css.map"} ]
[Thu, 12 Sep 2019 13:31:48 -0300 - ::1 - GUEST - ApiController::parse {"url":"user\/update"} {"firstname":"Pablito","lastname":"Pereira","imageOptions":{"color":"#0000ff","size":"5","vposition":"bottom","hposition":"right"}}]
[Thu, 12 Sep 2019 13:31:57 -0300 - ::1 - GUEST - ApiController::parse {"url":"user\/update"} {"firstname":"Christian","lastname":"Maidana","imageOptions":{"color":"#0000ff","size":"5","vposition":"bottom","hposition":"right"}}]
[Thu, 12 Sep 2019 13:32:03 -0300 - ::1 - GUEST - ApiController::parse {"url":"css\/bootstrap.min.css.map"} ]
[Thu, 12 Sep 2019 13:37:28 -0300 - ::1 - GUEST - ApiController::parse [] ]
[Thu, 12 Sep 2019 13:37:28 -0300 - ::1 - GUEST - ApiController::parse [] ]
[Thu, 12 Sep 2019 13:37:28 -0300 - ::1 - GUEST - ApiController::parse [] ]
[Thu, 12 Sep 2019 13:37:28 -0300 - ::1 - GUEST - ApiController::parse [] ]
[Thu, 12 Sep 2019 13:37:28 -0300 - ::1 - GUEST - ApiController::parse [] ]
[Thu, 12 Sep 2019 13:37:28 -0300 - ::1 - GUEST - ApiController::parse [] ]
[Thu, 12 Sep 2019 13:37:28 -0300 - ::1 - GUEST - ApiController::parse [] ]
[Thu, 12 Sep 2019 13:37:28 -0300 - ::1 - GUEST - ApiController::parse [] ]
[Thu, 12 Sep 2019 13:37:28 -0300 - ::1 - GUEST - ApiController::parse [] ]
[Thu, 12 Sep 2019 13:37:28 -0300 - ::1 - GUEST - ApiController::parse [] ]
[Thu, 12 Sep 2019 13:37:28 -0300 - ::1 - GUEST - ApiController::parse [] ]
[Thu, 12 Sep 2019 13:37:28 -0300 - ::1 - GUEST - ApiController::parse [] ]
[Thu, 12 Sep 2019 13:37:28 -0300 - ::1 - GUEST - ApiController::parse [] ]
[Thu, 12 Sep 2019 13:37:28 -0300 - ::1 - GUEST - ApiController::parse [] ]
[Thu, 12 Sep 2019 13:37:28 -0300 - ::1 - GUEST - ApiController::parse [] ]
[Thu, 12 Sep 2019 13:37:28 -0300 - ::1 - GUEST - ApiController::parse [] ]
[Thu, 12 Sep 2019 13:37:28 -0300 - ::1 - GUEST - ApiController::parse [] ]
[Thu, 12 Sep 2019 13:37:28 -0300 - ::1 - GUEST - ApiController::parse [] ]
[Thu, 12 Sep 2019 13:37:28 -0300 - ::1 - GUEST - ApiController::parse [] ]
[Thu, 12 Sep 2019 13:37:28 -0300 - ::1 - GUEST - ApiController::parse [] ]
[Thu, 12 Sep 2019 13:37:28 -0300 - ::1 - GUEST - ApiController::parse [] ]
[Thu, 12 Sep 2019 13:37:28 -0300 - ::1 - GUEST - ApiController::parse [] ]
[Thu, 12 Sep 2019 13:37:28 -0300 - ::1 - GUEST - ApiController::parse [] ]
[Thu, 12 Sep 2019 13:37:28 -0300 - ::1 - GUEST - ApiController::parse [] ]
[Thu, 12 Sep 2019 13:37:28 -0300 - ::1 - GUEST - ApiController::parse [] ]
[Thu, 12 Sep 2019 13:37:28 -0300 - ::1 - GUEST - ApiController::parse [] ]
[Thu, 12 Sep 2019 13:37:28 -0300 - ::1 - GUEST - ApiController::parse [] ]
[Thu, 12 Sep 2019 13:37:28 -0300 - ::1 - GUEST - ApiController::parse [] ]
[Thu, 12 Sep 2019 13:37:28 -0300 - ::1 - GUEST - ApiController::parse [] ]
[Thu, 12 Sep 2019 13:37:28 -0300 - ::1 - GUEST - ApiController::parse [] ]
[Thu, 12 Sep 2019 13:37:28 -0300 - ::1 - GUEST - ApiController::parse [] ]
[Thu, 12 Sep 2019 13:37:28 -0300 - ::1 - GUEST - ApiController::parse [] ]
[Thu, 12 Sep 2019 13:37:28 -0300 - ::1 - GUEST - ApiController::parse [] ]
[Thu, 12 Sep 2019 13:37:28 -0300 - ::1 - GUEST - ApiController::parse [] ]
[Thu, 12 Sep 2019 13:37:28 -0300 - ::1 - GUEST - ApiController::parse [] ]
[Thu, 12 Sep 2019 13:37:28 -0300 - ::1 - GUEST - ApiController::parse [] ]
[Thu, 12 Sep 2019 13:37:28 -0300 - ::1 - GUEST - ApiController::parse [] ]
[Thu, 12 Sep 2019 13:37:28 -0300 - ::1 - GUEST - ApiController::parse [] ]
[Thu, 12 Sep 2019 13:37:28 -0300 - ::1 - GUEST - ApiController::parse [] ]
[Thu, 12 Sep 2019 13:37:33 -0300 - ::1 - GUEST - ApiController::parse [] ]
[Thu, 12 Sep 2019 13:37:33 -0300 - ::1 - GUEST - ApiController::parse [] ]
[Thu, 12 Sep 2019 13:37:33 -0300 - ::1 - GUEST - ApiController::parse [] ]
[Thu, 12 Sep 2019 13:37:33 -0300 - ::1 - GUEST - ApiController::parse [] ]
[Thu, 12 Sep 2019 13:37:33 -0300 - ::1 - GUEST - ApiController::parse [] ]
[Thu, 12 Sep 2019 13:37:33 -0300 - ::1 - GUEST - ApiController::parse [] ]
[Thu, 12 Sep 2019 13:37:33 -0300 - ::1 - GUEST - ApiController::parse [] ]
[Thu, 12 Sep 2019 13:37:33 -0300 - ::1 - GUEST - ApiController::parse [] ]
[Thu, 12 Sep 2019 13:37:33 -0300 - ::1 - GUEST - ApiController::parse [] ]
[Thu, 12 Sep 2019 13:37:33 -0300 - ::1 - GUEST - ApiController::parse [] ]
[Thu, 12 Sep 2019 13:37:33 -0300 - ::1 - GUEST - ApiController::parse [] ]
[Thu, 12 Sep 2019 13:37:33 -0300 - ::1 - GUEST - ApiController::parse [] ]
[Thu, 12 Sep 2019 13:37:33 -0300 - ::1 - GUEST - ApiController::parse [] ]
[Thu, 12 Sep 2019 13:37:33 -0300 - ::1 - GUEST - ApiController::parse [] ]
[Thu, 12 Sep 2019 13:37:33 -0300 - ::1 - GUEST - ApiController::parse [] ]
[Thu, 12 Sep 2019 13:37:33 -0300 - ::1 - GUEST - ApiController::parse [] ]
[Thu, 12 Sep 2019 13:37:33 -0300 - ::1 - GUEST - ApiController::parse [] ]
[Thu, 12 Sep 2019 13:37:33 -0300 - ::1 - GUEST - ApiController::parse [] ]
[Thu, 12 Sep 2019 13:37:33 -0300 - ::1 - GUEST - ApiController::parse [] ]
[Thu, 12 Sep 2019 13:37:33 -0300 - ::1 - GUEST - ApiController::parse [] ]
[Thu, 12 Sep 2019 13:37:35 -0300 - ::1 - GUEST - ApiController::parse [] ]
[Thu, 12 Sep 2019 13:37:35 -0300 - ::1 - GUEST - ApiController::parse [] ]
[Thu, 12 Sep 2019 13:37:35 -0300 - ::1 - GUEST - ApiController::parse [] ]
[Thu, 12 Sep 2019 13:37:35 -0300 - ::1 - GUEST - ApiController::parse [] ]
[Thu, 12 Sep 2019 13:37:35 -0300 - ::1 - GUEST - ApiController::parse [] ]
[Thu, 12 Sep 2019 13:37:35 -0300 - ::1 - GUEST - ApiController::parse [] ]
[Thu, 12 Sep 2019 13:37:35 -0300 - ::1 - GUEST - ApiController::parse [] ]
[Thu, 12 Sep 2019 13:37:35 -0300 - ::1 - GUEST - ApiController::parse [] ]
[Thu, 12 Sep 2019 13:37:35 -0300 - ::1 - GUEST - ApiController::parse [] ]
[Thu, 12 Sep 2019 13:37:35 -0300 - ::1 - GUEST - ApiController::parse [] ]
[Thu, 12 Sep 2019 13:37:35 -0300 - ::1 - GUEST - ApiController::parse [] ]
[Thu, 12 Sep 2019 13:37:35 -0300 - ::1 - GUEST - ApiController::parse [] ]
[Thu, 12 Sep 2019 13:37:35 -0300 - ::1 - GUEST - ApiController::parse [] ]
[Thu, 12 Sep 2019 13:37:35 -0300 - ::1 - GUEST - ApiController::parse [] ]
[Thu, 12 Sep 2019 13:37:35 -0300 - ::1 - GUEST - ApiController::parse [] ]
[Thu, 12 Sep 2019 13:37:35 -0300 - ::1 - GUEST - ApiController::parse [] ]
[Thu, 12 Sep 2019 13:37:35 -0300 - ::1 - GUEST - ApiController::parse [] ]
[Thu, 12 Sep 2019 13:37:35 -0300 - ::1 - GUEST - ApiController::parse [] ]
[Thu, 12 Sep 2019 13:37:35 -0300 - ::1 - GUEST - ApiController::parse [] ]
[Thu, 12 Sep 2019 13:37:39 -0300 - ::1 - GUEST - ApiController::parse [] ]
[Thu, 12 Sep 2019 13:37:39 -0300 - ::1 - GUEST - ApiController::parse [] ]
[Thu, 12 Sep 2019 13:37:40 -0300 - ::1 - GUEST - ApiController::parse [] ]
[Thu, 12 Sep 2019 13:37:40 -0300 - ::1 - GUEST - ApiController::parse [] ]
[Thu, 12 Sep 2019 13:37:40 -0300 - ::1 - GUEST - ApiController::parse [] ]
[Thu, 12 Sep 2019 13:37:40 -0300 - ::1 - GUEST - ApiController::parse [] ]
[Thu, 12 Sep 2019 13:37:40 -0300 - ::1 - GUEST - ApiController::parse [] ]
[Thu, 12 Sep 2019 13:37:40 -0300 - ::1 - GUEST - ApiController::parse [] ]
[Thu, 12 Sep 2019 13:37:40 -0300 - ::1 - GUEST - ApiController::parse [] ]
[Thu, 12 Sep 2019 13:37:40 -0300 - ::1 - GUEST - ApiController::parse [] ]
[Thu, 12 Sep 2019 13:37:40 -0300 - ::1 - GUEST - ApiController::parse [] ]
[Thu, 12 Sep 2019 13:37:40 -0300 - ::1 - GUEST - ApiController::parse [] ]
[Thu, 12 Sep 2019 13:37:40 -0300 - ::1 - GUEST - ApiController::parse [] ]
[Thu, 12 Sep 2019 13:37:40 -0300 - ::1 - GUEST - ApiController::parse [] ]
[Thu, 12 Sep 2019 13:37:40 -0300 - ::1 - GUEST - ApiController::parse [] ]
[Thu, 12 Sep 2019 13:37:40 -0300 - ::1 - GUEST - ApiController::parse [] ]
[Thu, 12 Sep 2019 13:37:40 -0300 - ::1 - GUEST - ApiController::parse [] ]
[Thu, 12 Sep 2019 13:37:40 -0300 - ::1 - GUEST - ApiController::parse [] ]
[Thu, 12 Sep 2019 13:37:40 -0300 - ::1 - GUEST - ApiController::parse [] ]
[Thu, 12 Sep 2019 13:37:40 -0300 - ::1 - GUEST - ApiController::parse [] ]
[Thu, 12 Sep 2019 13:39:57 -0300 - ::1 - GUEST - ApiController::parse [] ]
[Thu, 12 Sep 2019 13:39:57 -0300 - ::1 - GUEST - ApiController::parse {"url":"user\/get"} ]
[Thu, 12 Sep 2019 13:39:59 -0300 - ::1 - GUEST - ApiController::parse {"url":"user\/logout"} ]
[Thu, 12 Sep 2019 13:39:59 -0300 - ::1 - admin - User::logout]
[Thu, 12 Sep 2019 13:40:03 -0300 - ::1 - GUEST - ApiController::parse {"url":"user\/get"} ]
